<?xml version="1.0" encoding="UTF-8" ?>
<testsuite errors="0" failures="0" hostname="INBook_X1_Pro" name="RationalTest" skipped="0" tests="35" time="0.058" timestamp="2023-09-19T14:42:56">
  <properties>
[...]
</properties>
  <testcase classname="RationalTest" name="testEquals2" time="0.007" />
  <testcase classname="RationalTest" name="testEquals3" time="0.0" />
  <testcase classname="RationalTest" name="testEquals4" time="0.0" />
  <testcase classname="RationalTest" name="testCompareTo2" time="0.0" />
  <testcase classname="RationalTest" name="testCompareTo3" time="0.0" />
  <testcase classname="RationalTest" name="testCompareTo4" time="0.0" />
  <testcase classname="RationalTest" name="testAdd" time="0.0" />
  <testcase classname="RationalTest" name="testSubtract" time="0.0" />
  <testcase classname="RationalTest" name="testAdd2" time="0.0" />
  <testcase classname="RationalTest" name="testAdd3" time="0.0" />
  <testcase classname="RationalTest" name="testAdd4" time="0.0" />
  <testcase classname="RationalTest" name="testToString" time="0.003" />
  <testcase classname="RationalTest" name="testCompareTo" time="0.0" />
  <testcase classname="RationalTest" name="testMultiply2" time="0.0" />
  <testcase classname="RationalTest" name="testMultiply3" time="0.0" />
  <testcase classname="RationalTest" name="testMultiply4" time="0.0" />
  <testcase classname="RationalTest" name="testToString10" time="0.0" />
  <testcase classname="RationalTest" name="testToString11" time="0.001" />
  <testcase classname="RationalTest" name="testToString12" time="0.0" />
  <testcase classname="RationalTest" name="testSubtract2" time="0.0" />
  <testcase classname="RationalTest" name="testSubtract3" time="0.0" />
  <testcase classname="RationalTest" name="testSubtract4" time="0.0" />
  <testcase classname="RationalTest" name="testDivide2" time="0.0" />
  <testcase classname="RationalTest" name="testDivide3" time="0.0" />
  <testcase classname="RationalTest" name="testDivide" time="0.0" />
  <testcase classname="RationalTest" name="testEquals" time="0.0" />
  <testcase classname="RationalTest" name="testMultiply" time="0.0" />
  <testcase classname="RationalTest" name="testToString2" time="0.0" />
  <testcase classname="RationalTest" name="testToString3" time="0.001" />
  <testcase classname="RationalTest" name="testToString4" time="0.0" />
  <testcase classname="RationalTest" name="testToString5" time="0.0" />
  <testcase classname="RationalTest" name="testToString6" time="0.0" />
  <testcase classname="RationalTest" name="testToString7" time="0.0" />
  <testcase classname="RationalTest" name="testToString8" time="0.0" />
  <testcase classname="RationalTest" name="testToString9" time="0.0" />
  <system-out><![CDATA[]]></system-out>
  <system-err><![CDATA[]]></system-err>
</testsuite>
